<?xml version="1.0" encoding="UTF-8"?>
<testsuite name="com.example.CentreDeVaccination.DocteurRestControllerTest" tests="6" skipped="0" failures="0" errors="0" timestamp="2023-11-16T22:59:25" hostname="pny-sci-d08" time="0.089">
  <properties/>
  <testcase name="testUpdateDocteur()" classname="com.example.CentreDeVaccination.DocteurRestControllerTest" time="0.058"/>
  <testcase name="testGetDocteurById()" classname="com.example.CentreDeVaccination.DocteurRestControllerTest" time="0.004"/>
  <testcase name="testGetAllDocteurs()" classname="com.example.CentreDeVaccination.DocteurRestControllerTest" time="0.006"/>
  <testcase name="testDeleteDocteur()" classname="com.example.CentreDeVaccination.DocteurRestControllerTest" time="0.005"/>
  <testcase name="testCreateDocteur()" classname="com.example.CentreDeVaccination.DocteurRestControllerTest" time="0.005"/>
  <testcase name="testHandleObjectNotFoundException()" classname="com.example.CentreDeVaccination.DocteurRestControllerTest" time="0.004"/>
  <system-out><![CDATA[]]></system-out>
  <system-err><![CDATA[]]></system-err>
</testsuite>
