<?xml version="1.0" encoding="UTF-8"?>
<testsuite name="com.example.CentreDeVaccination.PatientRestControllerTest" tests="7" skipped="0" failures="0" errors="0" timestamp="2023-11-16T22:59:25" hostname="pny-sci-d08" time="0.096">
  <properties/>
  <testcase name="testGetDocteur()" classname="com.example.CentreDeVaccination.PatientRestControllerTest" time="0.061"/>
  <testcase name="testGetPatientById()" classname="com.example.CentreDeVaccination.PatientRestControllerTest" time="0.004"/>
  <testcase name="testCreatePatient()" classname="com.example.CentreDeVaccination.PatientRestControllerTest" time="0.004"/>
  <testcase name="testGetAllPatients()" classname="com.example.CentreDeVaccination.PatientRestControllerTest" time="0.005"/>
  <testcase name="testUpdatePatient()" classname="com.example.CentreDeVaccination.PatientRestControllerTest" time="0.004"/>
  <testcase name="testDeletePatient()" classname="com.example.CentreDeVaccination.PatientRestControllerTest" time="0.004"/>
  <testcase name="testHandleObjectNotFoundException()" classname="com.example.CentreDeVaccination.PatientRestControllerTest" time="0.004"/>
  <system-out><![CDATA[]]></system-out>
  <system-err><![CDATA[]]></system-err>
</testsuite>
