<?xml version="1.0" encoding="UTF-8"?>
<testsuite name="com.example.CentreDeVaccination.CentreDeVaccinationApplicationTests" tests="1" skipped="0" failures="0" errors="0" timestamp="2023-11-17T14:56:53" hostname="pny-sci-d08" time="0.022">
  <properties/>
  <testcase name="contextLoads()" classname="com.example.CentreDeVaccination.CentreDeVaccinationApplicationTests" time="0.022"/>
  <system-out><![CDATA[15:56:45.447 [Test worker] INFO org.springframework.test.context.support.AnnotationConfigContextLoaderUtils -- Could not detect default configuration classes for test class [com.example.CentreDeVaccination.CentreDeVaccinationApplicationTests]: CentreDeVaccinationApplicationTests does not declare any static, non-private, non-final, nested classes annotated with @Configuration.
15:56:45.661 [Test worker] INFO org.springframework.boot.test.context.SpringBootTestContextBootstrapper -- Found @SpringBootConfiguration com.example.CentreDeVaccination.App for test class com.example.CentreDeVaccination.CentreDeVaccinationApplicationTests

  .   ____          _            __ _ _
 /\\ / ___'_ __ _ _(_)_ __  __ _ \ \ \ \
( ( )\___ | '_ | '_| | '_ \/ _` | \ \ \ \
 \\/  ___)| |_)| | | | | || (_| |  ) ) ) )
  '  |____| .__|_| |_|_| |_\__, | / / / /
 =========|_|==============|___/=/_/_/_/
 :: Spring Boot ::                (v3.1.4)

2023-11-17T15:56:46.435+01:00  INFO 25020 --- [    Test worker] .e.C.CentreDeVaccinationApplicationTests : Starting CentreDeVaccinationApplicationTests using Java 21.0.1 with PID 25020 (started by Utilisateur in C:\Users\Utilisateur\Documents\centre-de-vaccination-back)
2023-11-17T15:56:46.438+01:00  INFO 25020 --- [    Test worker] .e.C.CentreDeVaccinationApplicationTests : No active profile set, falling back to 1 default profile: "default"
2023-11-17T15:56:47.542+01:00  INFO 25020 --- [    Test worker] .s.d.r.c.RepositoryConfigurationDelegate : Bootstrapping Spring Data JPA repositories in DEFAULT mode.
2023-11-17T15:56:47.674+01:00  INFO 25020 --- [    Test worker] .s.d.r.c.RepositoryConfigurationDelegate : Finished Spring Data repository scanning in 105 ms. Found 4 JPA repository interfaces.
2023-11-17T15:56:48.512+01:00  INFO 25020 --- [    Test worker] o.hibernate.jpa.internal.util.LogHelper  : HHH000204: Processing PersistenceUnitInfo [name: default]
2023-11-17T15:56:48.628+01:00  INFO 25020 --- [    Test worker] org.hibernate.Version                    : HHH000412: Hibernate ORM core version 6.2.9.Final
2023-11-17T15:56:48.641+01:00  INFO 25020 --- [    Test worker] org.hibernate.cfg.Environment            : HHH000406: Using bytecode reflection optimizer
2023-11-17T15:56:49.003+01:00  INFO 25020 --- [    Test worker] o.h.b.i.BytecodeProviderInitiator        : HHH000021: Bytecode provider name : bytebuddy
2023-11-17T15:56:49.027+01:00  INFO 25020 --- [    Test worker] o.s.o.j.p.SpringPersistenceUnitInfo      : No LoadTimeWeaver setup: ignoring JPA class transformer
2023-11-17T15:56:49.059+01:00  INFO 25020 --- [    Test worker] com.zaxxer.hikari.HikariDataSource       : HikariPool-1 - Starting...
2023-11-17T15:56:49.447+01:00  INFO 25020 --- [    Test worker] com.zaxxer.hikari.pool.HikariPool        : HikariPool-1 - Added connection org.postgresql.jdbc.PgConnection@4a5fab78
2023-11-17T15:56:49.448+01:00  INFO 25020 --- [    Test worker] com.zaxxer.hikari.HikariDataSource       : HikariPool-1 - Start completed.
2023-11-17T15:56:49.973+01:00  INFO 25020 --- [    Test worker] o.h.b.i.BytecodeProviderInitiator        : HHH000021: Bytecode provider name : bytebuddy
2023-11-17T15:56:50.827+01:00  INFO 25020 --- [    Test worker] o.h.e.t.j.p.i.JtaPlatformInitiator       : HHH000490: Using JtaPlatform implementation: [org.hibernate.engine.transaction.jta.platform.internal.NoJtaPlatform]
Hibernate: alter table if exists adresse drop constraint if exists FKen4g8cpfusyxs47hmqpj4fjsy
2023-11-17T15:56:50.863+01:00  WARN 25020 --- [    Test worker] o.h.engine.jdbc.spi.SqlExceptionHelper   : SQL Warning Code: 0, SQLState: 00000
2023-11-17T15:56:50.863+01:00  WARN 25020 --- [    Test worker] o.h.engine.jdbc.spi.SqlExceptionHelper   : la relation « adresse » n'existe pas, poursuite du traitement
Hibernate: alter table if exists adresse drop constraint if exists FK63b1qqmbvobw0lx2rp7chs1kf
2023-11-17T15:56:50.863+01:00  WARN 25020 --- [    Test worker] o.h.engine.jdbc.spi.SqlExceptionHelper   : SQL Warning Code: 0, SQLState: 00000
2023-11-17T15:56:50.863+01:00  WARN 25020 --- [    Test worker] o.h.engine.jdbc.spi.SqlExceptionHelper   : la relation « adresse » n'existe pas, poursuite du traitement
Hibernate: alter table if exists docteur drop constraint if exists FKsb1n52yol7r6gwgvqrnw6d6nb
2023-11-17T15:56:50.863+01:00  WARN 25020 --- [    Test worker] o.h.engine.jdbc.spi.SqlExceptionHelper   : SQL Warning Code: 0, SQLState: 00000
2023-11-17T15:56:50.863+01:00  WARN 25020 --- [    Test worker] o.h.engine.jdbc.spi.SqlExceptionHelper   : la relation « docteur » n'existe pas, poursuite du traitement
Hibernate: alter table if exists docteur_patients drop constraint if exists FKq4326g6w2woib0nnu9s0449bk
2023-11-17T15:56:50.866+01:00  WARN 25020 --- [    Test worker] o.h.engine.jdbc.spi.SqlExceptionHelper   : SQL Warning Code: 0, SQLState: 00000
2023-11-17T15:56:50.866+01:00  WARN 25020 --- [    Test worker] o.h.engine.jdbc.spi.SqlExceptionHelper   : la relation « docteur_patients » n'existe pas, poursuite du traitement
Hibernate: alter table if exists docteur_patients drop constraint if exists FK78jx8pucyx2hdhd3m11y5mji8
2023-11-17T15:56:50.867+01:00  WARN 25020 --- [    Test worker] o.h.engine.jdbc.spi.SqlExceptionHelper   : SQL Warning Code: 0, SQLState: 00000
2023-11-17T15:56:50.867+01:00  WARN 25020 --- [    Test worker] o.h.engine.jdbc.spi.SqlExceptionHelper   : la relation « docteur_patients » n'existe pas, poursuite du traitement
Hibernate: alter table if exists patients drop constraint if exists FKf2avn5fsg0tem0gyrqjbak1m7
2023-11-17T15:56:50.867+01:00  WARN 25020 --- [    Test worker] o.h.engine.jdbc.spi.SqlExceptionHelper   : SQL Warning Code: 0, SQLState: 00000
2023-11-17T15:56:50.867+01:00  WARN 25020 --- [    Test worker] o.h.engine.jdbc.spi.SqlExceptionHelper   : la relation « patients » n'existe pas, poursuite du traitement
Hibernate: alter table if exists patients drop constraint if exists FKkl4mi65ajt8vcrhwdketowe2v
2023-11-17T15:56:50.869+01:00  WARN 25020 --- [    Test worker] o.h.engine.jdbc.spi.SqlExceptionHelper   : SQL Warning Code: 0, SQLState: 00000
2023-11-17T15:56:50.869+01:00  WARN 25020 --- [    Test worker] o.h.engine.jdbc.spi.SqlExceptionHelper   : la relation « patients » n'existe pas, poursuite du traitement
Hibernate: drop table if exists adresse cascade
2023-11-17T15:56:50.871+01:00  WARN 25020 --- [    Test worker] o.h.engine.jdbc.spi.SqlExceptionHelper   : SQL Warning Code: 0, SQLState: 00000
2023-11-17T15:56:50.871+01:00  WARN 25020 --- [    Test worker] o.h.engine.jdbc.spi.SqlExceptionHelper   : la table « adresse » n'existe pas, poursuite du traitement
Hibernate: drop table if exists authentification cascade
2023-11-17T15:56:50.871+01:00  WARN 25020 --- [    Test worker] o.h.engine.jdbc.spi.SqlExceptionHelper   : SQL Warning Code: 0, SQLState: 00000
2023-11-17T15:56:50.871+01:00  WARN 25020 --- [    Test worker] o.h.engine.jdbc.spi.SqlExceptionHelper   : la table « authentification » n'existe pas, poursuite du traitement
Hibernate: drop table if exists docteur cascade
2023-11-17T15:56:50.871+01:00  WARN 25020 --- [    Test worker] o.h.engine.jdbc.spi.SqlExceptionHelper   : SQL Warning Code: 0, SQLState: 00000
2023-11-17T15:56:50.871+01:00  WARN 25020 --- [    Test worker] o.h.engine.jdbc.spi.SqlExceptionHelper   : la table « docteur » n'existe pas, poursuite du traitement
Hibernate: drop table if exists docteur_patients cascade
2023-11-17T15:56:50.874+01:00  WARN 25020 --- [    Test worker] o.h.engine.jdbc.spi.SqlExceptionHelper   : SQL Warning Code: 0, SQLState: 00000
2023-11-17T15:56:50.874+01:00  WARN 25020 --- [    Test worker] o.h.engine.jdbc.spi.SqlExceptionHelper   : la table « docteur_patients » n'existe pas, poursuite du traitement
Hibernate: drop table if exists patients cascade
2023-11-17T15:56:50.874+01:00  WARN 25020 --- [    Test worker] o.h.engine.jdbc.spi.SqlExceptionHelper   : SQL Warning Code: 0, SQLState: 00000
2023-11-17T15:56:50.874+01:00  WARN 25020 --- [    Test worker] o.h.engine.jdbc.spi.SqlExceptionHelper   : la table « patients » n'existe pas, poursuite du traitement
Hibernate: create table adresse (id_adresse serial not null, id_docteur integer unique, id_patient integer unique, zip_code integer, rue varchar(255), ville varchar(255), primary key (id_adresse))
Hibernate: create table authentification (id_authentification serial not null, email varchar(255), mdp varchar(255), primary key (id_authentification))
Hibernate: create table docteur (adresse_id_adresse integer unique, birth_date date, id_docteur serial not null, email varchar(255), first_name varchar(255), last_name varchar(255), primary key (id_docteur))
Hibernate: create table docteur_patients (docteur_id_docteur integer not null, patients_id_patient integer not null unique)
Hibernate: create table patients (adresse_id_adresse integer unique, date_de_naissance date, id_docteur integer, id_patient serial not null, email varchar(255), nom varchar(255), prenom varchar(255), primary key (id_patient))
Hibernate: alter table if exists adresse add constraint FKen4g8cpfusyxs47hmqpj4fjsy foreign key (id_docteur) references docteur
Hibernate: alter table if exists adresse add constraint FK63b1qqmbvobw0lx2rp7chs1kf foreign key (id_patient) references patients
Hibernate: alter table if exists docteur add constraint FKsb1n52yol7r6gwgvqrnw6d6nb foreign key (adresse_id_adresse) references adresse
Hibernate: alter table if exists docteur_patients add constraint FKq4326g6w2woib0nnu9s0449bk foreign key (patients_id_patient) references patients
Hibernate: alter table if exists docteur_patients add constraint FK78jx8pucyx2hdhd3m11y5mji8 foreign key (docteur_id_docteur) references docteur
Hibernate: alter table if exists patients add constraint FKf2avn5fsg0tem0gyrqjbak1m7 foreign key (adresse_id_adresse) references adresse
Hibernate: alter table if exists patients add constraint FKkl4mi65ajt8vcrhwdketowe2v foreign key (id_docteur) references docteur
2023-11-17T15:56:51.481+01:00  INFO 25020 --- [    Test worker] j.LocalContainerEntityManagerFactoryBean : Initialized JPA EntityManagerFactory for persistence unit 'default'
2023-11-17T15:56:52.446+01:00  WARN 25020 --- [    Test worker] JpaBaseConfiguration$JpaWebConfiguration : spring.jpa.open-in-view is enabled by default. Therefore, database queries may be performed during view rendering. Explicitly configure spring.jpa.open-in-view to disable this warning
2023-11-17T15:56:53.078+01:00  INFO 25020 --- [    Test worker] .e.C.CentreDeVaccinationApplicationTests : Started CentreDeVaccinationApplicationTests in 7.099 seconds (process running for 11.68)
]]></system-out>
  <system-err><![CDATA[]]></system-err>
</testsuite>
