<?xml version="1.0" encoding="UTF-8"?>
<testsuite name="com.example.CentreDeVaccination.AuthentificationRestControllerTest" tests="5" skipped="0" failures="0" errors="0" timestamp="2023-11-16T23:28:19" hostname="pny-sci-d08" time="0.096">
  <properties/>
  <testcase name="testCreateAuthentification()" classname="com.example.CentreDeVaccination.AuthentificationRestControllerTest" time="0.055"/>
  <testcase name="testDeleteAuthentification()" classname="com.example.CentreDeVaccination.AuthentificationRestControllerTest" time="0.007"/>
  <testcase name="testUpdateAuthentification()" classname="com.example.CentreDeVaccination.AuthentificationRestControllerTest" time="0.007"/>
  <testcase name="testGetAuthentificationById()" classname="com.example.CentreDeVaccination.AuthentificationRestControllerTest" time="0.01"/>
  <testcase name="testHandleObjectNotFoundException()" classname="com.example.CentreDeVaccination.AuthentificationRestControllerTest" time="0.008"/>
  <system-out><![CDATA[]]></system-out>
  <system-err><![CDATA[]]></system-err>
</testsuite>
