<?xml version="1.0" encoding="UTF-8"?>
<testsuite name="com.example.CentreDeVaccination.AuthentificationRestControllerTest" tests="5" skipped="0" failures="0" errors="0" timestamp="2023-11-16T21:21:56" hostname="pny-sci-d08" time="0.073">
  <properties/>
  <testcase name="testCreateAuthentification()" classname="com.example.CentreDeVaccination.AuthentificationRestControllerTest" time="0.043"/>
  <testcase name="testDeleteAuthentification()" classname="com.example.CentreDeVaccination.AuthentificationRestControllerTest" time="0.005"/>
  <testcase name="testUpdateAuthentification()" classname="com.example.CentreDeVaccination.AuthentificationRestControllerTest" time="0.005"/>
  <testcase name="testGetAuthentificationById()" classname="com.example.CentreDeVaccination.AuthentificationRestControllerTest" time="0.007"/>
  <testcase name="testHandleObjectNotFoundException()" classname="com.example.CentreDeVaccination.AuthentificationRestControllerTest" time="0.005"/>
  <system-out><![CDATA[]]></system-out>
  <system-err><![CDATA[]]></system-err>
</testsuite>
